INFO Setup of logger complete, started <stage-0.1.0-retrieve_ligands> 2026-06-04 02:47:38.500359
INFO Python v 3.14.0
INFO Import pandas v 3.0.2
INFO Import pubchempy v 1.0.5
INFO ../data/ligands is missing, include to the list ...
INFO ../data/ligands/sdf is missing, include to the list ...
INFO Trying to create dir: ../data/ligands
INFO Trying to create dir: ../data/ligands/sdf
INFO Data for Amoxicillin downloaded ...
INFO Data for Piperacillin downloaded ...
INFO Data for Ticarcillin downloaded ...
INFO Data for Cefepime downloaded ...
INFO Data for Cefazolin downloaded ...
INFO Data for Ceftolozane downloaded ...
INFO Data for Ceftriaxone downloaded ...
INFO Data for Ceftazidime downloaded ...
INFO Data for Aztreonam downloaded ...
INFO Data for Imipenem downloaded ...
INFO Data for Meropenem downloaded ...
INFO Data for Doripenem downloaded ...
INFO Data for Vancomycin downloaded ...
INFO Data for Tigecycline downloaded ...
INFO Data for Minocycline downloaded ...
INFO Data for Doxycycline downloaded ...
INFO Data for Tetracycline downloaded ...
INFO Data for Chlortetracycline downloaded ...
INFO Data for Azithromycin downloaded ...
INFO Data for Erythromycin downloaded ...
INFO Data for Clarithromycin downloaded ...
INFO Data for Chloramphenicol downloaded ...
INFO Data for Linezolid downloaded ...
INFO Data for Rifampicin downloaded ...
INFO Data for Fosfomycin downloaded ...
INFO Data for Amikacin downloaded ...
INFO Data for Tobramycin downloaded ...
INFO Data for Streptomycin downloaded ...
INFO Data for Kanamycin downloaded ...
INFO Data for Trimethoprim downloaded ...
INFO Data for Sulfamethoxazole downloaded ...
INFO Data for Ciprofloxacin downloaded ...
INFO Data for Levofloxacin downloaded ...
INFO Data for Moxifloxacin downloaded ...
