INFO Setup of logger complete, started <stage-0.1.1-mirror_ligands> 2026-06-04 02:50:11.691125
INFO Python v 3.14.0
INFO Import pandas v 3.0.2
INFO Import rdkit v 2026.3.1
INFO ../data/mirror_ligands is missing, include to the list ...
INFO ../data/mirror_ligands/mol2 is missing, include to the list ...
INFO Trying to create dir: ../data/mirror_ligands
INFO Trying to create dir: ../data/mirror_ligands/mol2
INFO Successfully generated enantiomer of Amoxicillin:
	Native: CC1([C@@H](N2[C@H](S1)[C@@H](C2=O)NC(=O)[C@@H](C3=CC=C(C=C3)O)N)C(=O)O)C
	Mirror: CC1(C)S[C@H]2[C@@H](NC(=O)[C@@H](N)c3ccc(O)cc3)C(=O)N2[C@@H]1C(=O)O
INFO Successfully generated enantiomer of Piperacillin:
	Native: CCN1CCN(C(=O)C1=O)C(=O)N[C@H](C2=CC=CC=C2)C(=O)N[C@H]3[C@@H]4N(C3=O)[C@H](C(S4)(C)C)C(=O)O
	Mirror: CCN1CCN(C(=O)N[C@H](C(=O)N[C@H]2C(=O)N3[C@H]2SC(C)(C)[C@H]3C(=O)O)c2ccccc2)C(=O)C1=O
INFO Successfully generated enantiomer of Ticarcillin:
	Native: CC1([C@@H](N2[C@H](S1)[C@@H](C2=O)NC(=O)[C@@H](C3=CSC=C3)C(=O)O)C(=O)O)C
	Mirror: CC1(C)S[C@H]2[C@@H](NC(=O)[C@@H](C(=O)O)c3ccsc3)C(=O)N2[C@@H]1C(=O)O
INFO Successfully generated enantiomer of Cefepime:
	Native: C[N+]1(CCCC1)CC2=C(N3[C@@H]([C@@H](C3=O)NC(=O)/C(=N\OC)/C4=CSC(=N4)N)SC2)C(=O)[O-]
	Mirror: CO/N=C(\C(=O)N[C@H]1C(=O)N2C(C(=O)[O-])=C(C[N+]3(C)CCCC3)CS[C@@H]12)c1csc(N)n1
INFO Successfully generated enantiomer of Cefazolin:
	Native: CC1=NN=C(S1)SCC2=C(N3[C@@H]([C@@H](C3=O)NC(=O)CN4C=NN=N4)SC2)C(=O)O
	Mirror: Cc1nnc(SCC2=C(C(=O)O)N3C(=O)[C@H](NC(=O)Cn4cnnn4)[C@@H]3SC2)s1
INFO Successfully generated enantiomer of Ceftolozane:
	Native: CC(C)(C(=O)O)O/N=C(/C1=NSC(=N1)N)\C(=O)N[C@H]2[C@@H]3N(C2=O)C(=C(CS3)C[N+]4=CC(=C(N4C)N)NC(=O)NCCN)C(=O)[O-]
	Mirror: Cn1c(N)c(NC(=O)NCCN)c[n+]1CC1=C(C(=O)[O-])N2C(=O)[C@H](NC(=O)/C(=N\OC(C)(C)C(=O)O)c3nsc(N)n3)[C@@H]2SC1
INFO Successfully generated enantiomer of Ceftriaxone:
	Native: CN1C(=NC(=O)C(=O)N1)SCC2=C(N3[C@@H]([C@@H](C3=O)NC(=O)/C(=N\OC)/C4=CSC(=N4)N)SC2)C(=O)O
	Mirror: CO/N=C(\C(=O)N[C@H]1C(=O)N2C(C(=O)O)=C(CSc3nc(=O)c(=O)[nH]n3C)CS[C@@H]12)c1csc(N)n1
INFO Successfully generated enantiomer of Ceftazidime:
	Native: CC(C)(C(=O)O)O/N=C(/C1=CSC(=N1)N)\C(=O)N[C@H]2[C@@H]3N(C2=O)C(=C(CS3)C[N+]4=CC=CC=C4)C(=O)[O-]
	Mirror: CC(C)(O/N=C(\C(=O)N[C@H]1C(=O)N2C(C(=O)[O-])=C(C[n+]3ccccc3)CS[C@@H]12)c1csc(N)n1)C(=O)O
INFO Successfully generated enantiomer of Aztreonam:
	Native: C[C@H]1[C@@H](C(=O)N1S(=O)(=O)O)NC(=O)/C(=N\OC(C)(C)C(=O)O)/C2=CSC(=N2)N
	Mirror: C[C@@H]1[C@@H](NC(=O)/C(=N\OC(C)(C)C(=O)O)c2csc(N)n2)C(=O)N1S(=O)(=O)O
INFO Successfully generated enantiomer of Imipenem:
	Native: C[C@H]([C@@H]1[C@H]2CC(=C(N2C1=O)C(=O)O)SCCN=CN)O
	Mirror: C[C@H](O)[C@@H]1C(=O)N2C(C(=O)O)=C(SCCN=CN)C[C@@H]12
INFO Successfully generated enantiomer of Meropenem:
	Native: C[C@@H]1[C@@H]2[C@H](C(=O)N2C(=C1S[C@H]3C[C@H](NC3)C(=O)N(C)C)C(=O)O)[C@@H](C)O
	Mirror: C[C@H](O)[C@@H]1C(=O)N2C(C(=O)O)=C(S[C@H]3CN[C@@H](C(=O)N(C)C)C3)[C@@H](C)[C@@H]12
INFO Successfully generated enantiomer of Doripenem:
	Native: C[C@@H]1[C@@H]2[C@H](C(=O)N2C(=C1S[C@H]3C[C@H](NC3)CNS(=O)(=O)N)C(=O)O)[C@@H](C)O
	Mirror: C[C@H](O)[C@@H]1C(=O)N2C(C(=O)O)=C(S[C@H]3CN[C@@H](CNS(N)(=O)=O)C3)[C@@H](C)[C@@H]12
INFO Successfully generated enantiomer of Vancomycin:
	Native: C[C@H]1[C@H]([C@@](C[C@@H](O1)O[C@@H]2[C@H]([C@@H]([C@H](O[C@H]2OC3=C4C=C5C=C3OC6=C(C=C(C=C6)[C@H]([C@H](C(=O)N[C@H](C(=O)N[C@H]5C(=O)N[C@@H]7C8=CC(=C(C=C8)O)C9=C(C=C(C=C9O)O)[C@H](NC(=O)[C@H]([C@@H](C1=CC(=C(O4)C=C1)Cl)O)NC7=O)C(=O)O)CC(=O)N)NC(=O)[C@@H](CC(C)C)NC)O)Cl)CO)O)O)(C)N)O
	Mirror: CN[C@@H](CC(C)C)C(=O)N[C@@H]1C(=O)N[C@H](CC(N)=O)C(=O)N[C@@H]2C(=O)N[C@@H]3C(=O)N[C@@H](C(=O)N[C@@H](C(=O)O)c4cc(O)cc(O)c4-c4cc3ccc4O)[C@@H](O)c3ccc(c(Cl)c3)Oc3cc2cc(c3O[C@H]2O[C@@H](CO)[C@H](O)[C@@H](O)[C@@H]2O[C@@H]2C[C@@](C)(N)[C@@H](O)[C@@H](C)O2)Oc2ccc(cc2Cl)[C@@H]1O
INFO Successfully generated enantiomer of Tigecycline:
	Native: CC(C)(C)NCC(=O)NC1=CC(=C2C[C@H]3C[C@H]4[C@@H](C(=O)C(=C([C@]4(C(=O)C3=C(C2=C1O)O)O)O)C(=O)N)N(C)C)N(C)C
	Mirror: CN(C)c1cc(NC(=O)CNC(C)(C)C)c(O)c2c1C[C@@H]1C[C@@H]3[C@@H](N(C)C)C(=O)C(C(N)=O)=C(O)[C@]3(O)C(=O)C1=C2O
INFO Successfully generated enantiomer of Minocycline:
	Native: CN(C)[C@H]1[C@@H]2C[C@@H]3CC4=C(C=CC(=C4C(=C3C(=O)[C@@]2(C(=C(C1=O)C(=O)N)O)O)O)O)N(C)C
	Mirror: CN(C)c1ccc(O)c2c1C[C@@H]1C[C@@H]3[C@@H](N(C)C)C(=O)C(C(N)=O)=C(O)[C@]3(O)C(=O)C1=C2O
INFO Successfully generated enantiomer of Doxycycline:
	Native: C[C@@H]1[C@H]2[C@@H]([C@H]3[C@@H](C(=O)C(=C([C@]3(C(=O)C2=C(C4=C1C=CC=C4O)O)O)O)C(=O)N)N(C)C)O
	Mirror: C[C@@H]1c2cccc(O)c2C(O)=C2C(=O)[C@@]3(O)C(O)=C(C(N)=O)C(=O)[C@H](N(C)C)[C@H]3[C@H](O)[C@H]21
INFO Successfully generated enantiomer of Tetracycline:
	Native: C[C@@]1([C@H]2C[C@H]3[C@@H](C(=O)C(=C([C@]3(C(=O)C2=C(C4=C1C=CC=C4O)O)O)O)C(=O)N)N(C)C)O
	Mirror: CN(C)[C@H]1C(=O)C(C(N)=O)=C(O)[C@]2(O)C(=O)C3=C(O)c4c(O)cccc4[C@](C)(O)[C@@H]3C[C@H]12
INFO Successfully generated enantiomer of Chlortetracycline:
	Native: C[C@@]1([C@H]2C[C@H]3[C@@H](C(=O)C(=C([C@]3(C(=O)C2=C(C4=C(C=CC(=C41)Cl)O)O)O)O)C(=O)N)N(C)C)O
	Mirror: CN(C)[C@H]1C(=O)C(C(N)=O)=C(O)[C@]2(O)C(=O)C3=C(O)c4c(O)ccc(Cl)c4[C@](C)(O)[C@@H]3C[C@H]12
INFO Successfully generated enantiomer of Azithromycin:
	Native: CC[C@@H]1[C@@]([C@@H]([C@H](N(C[C@@H](C[C@@]([C@@H]([C@H]([C@@H]([C@H](C(=O)O1)C)O[C@H]2C[C@@]([C@H]([C@@H](O2)C)O)(C)OC)C)O[C@H]3[C@@H]([C@H](C[C@H](O3)C)N(C)C)O)(C)O)C)C)C)O)(C)O
	Mirror: CC[C@@H]1OC(=O)[C@@H](C)[C@H](O[C@@H]2C[C@](C)(OC)[C@H](O)[C@@H](C)O2)[C@@H](C)[C@H](O[C@H]2O[C@@H](C)C[C@@H](N(C)C)[C@@H]2O)[C@@](C)(O)C[C@H](C)CN(C)[C@@H](C)[C@H](O)[C@@]1(C)O
INFO Successfully generated enantiomer of Erythromycin:
	Native: CC[C@@H]1[C@@]([C@@H]([C@H](C(=O)[C@@H](C[C@@]([C@@H]([C@H]([C@@H]([C@H](C(=O)O1)C)O[C@H]2C[C@@]([C@H]([C@@H](O2)C)O)(C)OC)C)O[C@H]3[C@@H]([C@H](C[C@H](O3)C)N(C)C)O)(C)O)C)C)O)(C)O
	Mirror: CC[C@@H]1OC(=O)[C@@H](C)[C@H](O[C@@H]2C[C@](C)(OC)[C@H](O)[C@@H](C)O2)[C@@H](C)[C@H](O[C@H]2O[C@@H](C)C[C@@H](N(C)C)[C@@H]2O)[C@@](C)(O)C[C@H](C)C(=O)[C@@H](C)[C@H](O)[C@@]1(C)O
INFO Successfully generated enantiomer of Clarithromycin:
	Native: CC[C@@H]1[C@@]([C@@H]([C@H](C(=O)[C@@H](C[C@@]([C@@H]([C@H]([C@@H]([C@H](C(=O)O1)C)O[C@H]2C[C@@]([C@H]([C@@H](O2)C)O)(C)OC)C)O[C@H]3[C@@H]([C@H](C[C@H](O3)C)N(C)C)O)(C)OC)C)C)O)(C)O
	Mirror: CC[C@@H]1OC(=O)[C@@H](C)[C@H](O[C@@H]2C[C@](C)(OC)[C@H](O)[C@@H](C)O2)[C@@H](C)[C@H](O[C@H]2O[C@@H](C)C[C@@H](N(C)C)[C@@H]2O)[C@@](C)(OC)C[C@H](C)C(=O)[C@@H](C)[C@H](O)[C@@]1(C)O
INFO Successfully generated enantiomer of Chloramphenicol:
	Native: C1=CC(=CC=C1[C@H]([C@@H](CO)NC(=O)C(Cl)Cl)O)[N+](=O)[O-]
	Mirror: O=C(N[C@@H](CO)[C@@H](O)c1ccc([N+](=O)[O-])cc1)C(Cl)Cl
INFO Successfully generated enantiomer of Linezolid:
	Native: CC(=O)NC[C@H]1CN(C(=O)O1)C2=CC(=C(C=C2)N3CCOCC3)F
	Mirror: CC(=O)NC[C@@H]1CN(c2ccc(N3CCOCC3)c(F)c2)C(=O)O1
INFO Successfully generated enantiomer of Rifampicin:
	Native: C[C@H]1/C=C/C=C(\C(=O)NC2=C(C(=C3C(=C2O)C(=C(C4=C3C(=O)[C@](O4)(O/C=C/[C@@H]([C@H]([C@H]([C@@H]([C@@H]([C@@H]([C@H]1O)C)O)C)OC(=O)C)C)OC)C)C)O)O)/C=N/N5CCN(CC5)C)/C
	Mirror: CO[C@@H]1/C=C/O[C@]2(C)Oc3c(C)c(O)c4c(O)c(c(/C=N/N5CCN(C)CC5)c(O)c4c3C2=O)NC(=O)/C(C)=C\C=C\[C@@H](C)[C@@H](O)[C@H](C)[C@H](O)[C@H](C)[C@@H](OC(C)=O)[C@H]1C
INFO Successfully generated enantiomer of Fosfomycin:
	Native: C[C@H]1[C@H](O1)P(=O)(O)O
	Mirror: C[C@H]1O[C@H]1P(=O)(O)O
INFO Successfully generated enantiomer of Amikacin:
	Native: C1[C@@H]([C@H]([C@@H]([C@H]([C@@H]1NC(=O)[C@H](CCN)O)O[C@@H]2[C@@H]([C@H]([C@@H]([C@H](O2)CO)O)N)O)O)O[C@@H]3[C@@H]([C@H]([C@@H]([C@H](O3)CN)O)O)O)N
	Mirror: NCC[C@@H](O)C(=O)N[C@H]1C[C@@H](N)[C@H](O[C@@H]2O[C@@H](CN)[C@H](O)[C@@H](O)[C@@H]2O)[C@@H](O)[C@@H]1O[C@@H]1O[C@@H](CO)[C@H](O)[C@@H](N)[C@@H]1O
INFO Successfully generated enantiomer of Tobramycin:
	Native: C1[C@@H]([C@H]([C@@H]([C@H]([C@@H]1N)O[C@@H]2[C@@H]([C@H]([C@@H]([C@H](O2)CO)O)N)O)O)O[C@@H]3[C@@H](C[C@@H]([C@H](O3)CN)O)N)N
	Mirror: NC[C@@H]1O[C@@H](O[C@@H]2[C@@H](O)[C@H](O[C@@H]3O[C@@H](CO)[C@H](O)[C@@H](N)[C@@H]3O)[C@@H](N)C[C@H]2N)[C@@H](N)C[C@H]1O
INFO Successfully generated enantiomer of Streptomycin:
	Native: C[C@H]1[C@@]([C@H]([C@@H](O1)O[C@@H]2[C@H]([C@@H]([C@H]([C@@H]([C@H]2O)O)N=C(N)N)O)N=C(N)N)O[C@H]3[C@H]([C@@H]([C@H]([C@@H](O3)CO)O)O)NC)(C=O)O
	Mirror: CN[C@H]1[C@@H](O[C@@H]2[C@@H](O[C@@H]3[C@@H](O)[C@H](O)[C@@H](N=C(N)N)[C@H](O)[C@H]3N=C(N)N)O[C@H](C)[C@@]2(O)C=O)O[C@H](CO)[C@@H](O)[C@@H]1O
INFO Successfully generated enantiomer of Kanamycin:
	Native: C1[C@H]([C@@H]([C@H]([C@@H]([C@H]1N)O[C@@H]2[C@@H]([C@H]([C@@H]([C@H](O2)CN)O)O)O)O)O[C@@H]3[C@@H]([C@H]([C@@H]([C@H](O3)CO)O)N)O)N
	Mirror: NC[C@@H]1O[C@@H](O[C@@H]2[C@@H](O)[C@H](O[C@@H]3O[C@@H](CO)[C@H](O)[C@@H](N)[C@@H]3O)[C@@H](N)C[C@H]2N)[C@@H](O)[C@H](O)[C@H]1O
INFO Successfully generated enantiomer of Trimethoprim:
	Native: COC1=CC(=CC(=C1OC)OC)CC2=CN=C(N=C2N)N
	Mirror: COc1cc(Cc2cnc(N)nc2N)cc(OC)c1OC
INFO Successfully generated enantiomer of Sulfamethoxazole:
	Native: CC1=CC(=NO1)NS(=O)(=O)C2=CC=C(C=C2)N
	Mirror: Cc1cc(NS(=O)(=O)c2ccc(N)cc2)no1
INFO Successfully generated enantiomer of Ciprofloxacin:
	Native: C1CC1N2C=C(C(=O)C3=CC(=C(C=C32)N4CCNCC4)F)C(=O)O
	Mirror: O=C(O)c1cn(C2CC2)c2cc(N3CCNCC3)c(F)cc2c1=O
INFO Successfully generated enantiomer of Levofloxacin:
	Native: C[C@H]1COC2=C3N1C=C(C(=O)C3=CC(=C2N4CCN(CC4)C)F)C(=O)O
	Mirror: C[C@@H]1COc2c(N3CCN(C)CC3)c(F)cc3c(=O)c(C(=O)O)cn1c23
INFO Successfully generated enantiomer of Moxifloxacin:
	Native: COC1=C2C(=CC(=C1N3C[C@@H]4CCCN[C@@H]4C3)F)C(=O)C(=CN2C5CC5)C(=O)O
	Mirror: COc1c(N2C[C@H]3CCCN[C@H]3C2)c(F)cc2c(=O)c(C(=O)O)cn(C3CC3)c12
